{
  "RSpec": {
    "coverage": {
      "/Users/zamith/Documents/Presentations/testing-magic/customer.rb": [
        1,
        1,
        null,
        1,
        3,
        null,
        null,
        1,
        null,
        3,
        null,
        null
      ],
      "/Users/zamith/Documents/Presentations/testing-magic/movie.rb": [
        1,
        1,
        5,
        null,
        null
      ],
      "/Users/zamith/Documents/Presentations/testing-magic/movie_spec.rb": [
        1,
        1,
        1,
        null,
        1,
        1,
        1,
        null,
        1,
        null,
        null,
        null,
        1,
        1,
        1,
        null,
        1,
        null,
        null
      ],
      "/Users/zamith/Documents/Presentations/testing-magic/new_release_movie.rb": [
        1,
        null,
        1,
        1,
        1,
        null,
        null
      ],
      "/Users/zamith/Documents/Presentations/testing-magic/regular_movie.rb": [
        1,
        null,
        1,
        1,
        1,
        null,
        null
      ],
      "/Users/zamith/Documents/Presentations/testing-magic/report_spec.rb": [
        1,
        1,
        1,
        1,
        null,
        1,
        1,
        1,
        1,
        1,
        1,
        null,
        1,
        null,
        1,
        null,
        null,
        null,
        1,
        1,
        1,
        1,
        1,
        null,
        1,
        null,
        1,
        null,
        null,
        null
      ],
      "/Users/zamith/Documents/Presentations/testing-magic/report.rb": [
        1,
        1,
        null,
        1,
        2,
        2,
        null,
        null,
        1,
        2,
        null,
        null,
        1,
        1,
        null
      ]
    },
    "timestamp": 1389113942
  }
}
